[ns_doctor:debug,2020-04-02T20:08:15.711+05:30,ns_1@127.0.0.1:ns_doctor<0.302.0>:ns_doctor:handle_info:182]Got initial status:
[{'ns_1@127.0.0.1',
     [{last_heard,-576460750150520173},
      {now,-576460750154808126},
      {active_buckets,[]},
      {ready_buckets,[]},
      {status_latency,4179},
      {outgoing_replications_safeness_level,[]},
      {incoming_replications_conf_hashes,[]},
      {meminfo,
          <<"MemTotal:       16302480 kB\nMemFree:         5841844 kB\nMemAvailable:   10794216 kB\nBuffers:          268624 kB\nCached:          5494092 kB\nSwapCached:          416 kB\nActive:          5251756 kB\nInactive:        4600892 kB\nActive(anon):    3725016 kB\nInactive(anon):  1057852 kB\nActive(file):    1526740 kB\nInactive(file):  3543040 kB\nUnevictable:         112 kB\nMlocked:             112 kB\nSwapTotal:       2097148 kB\nSwapFree:        2091596 kB\nDirty:            429304 kB\nWriteback:             0 kB\nAnonPages:       4090000 kB\nMapped:          1300708 kB\nShmem:            809612 kB\nSlab:             378924 kB\nSReclaimable:     218368 kB\nSUnreclaim:       160556 kB\nKernelStack:       21952 kB\nPageTables:        94604 kB\nNFS_Unstable:          0 kB\nBounce:                0 kB\nWritebackTmp:          0 kB\nCommitLimit:    10248388 kB\nCommitted_AS:   16554740 kB\nVmallocTotal:   34359738367 kB\nVmallocUsed:           0 kB\nVmallocChunk:          0 kB\nHardwareCorrupted:     0 kB\nAnonHugePages:      2048 kB\nShmemHugePages:        0 kB\nShmemPmdMapped:        0 kB\nCmaTotal:              0 kB\nCmaFree:               0 kB\nHugePages_Total:       0\nHugePages_Free:        0\nHugePages_Rsvd:        0\nHugePages_Surp:        0\nHugepagesize:       2048 kB\nDirectMap4k:     1568360 kB\nDirectMap2M:    15085568 kB\nDirectMap1G:     1048576 kB\n">>},
      {loadavg,<<"2.73 2.21 2.02 4/1364 26389\n">>},
      {cpu_pressure,{error,enoent}},
      {memory_pressure,{error,enoent}},
      {io_pressure,{error,enoent}},
      {local_tasks,[]},
      {memory,
          [{total,35536368},
           {processes,14179320},
           {processes_used,14166912},
           {system,21357048},
           {atom,512625},
           {atom_used,506628},
           {binary,616512},
           {code,10922117},
           {ets,1765208}]},
      {cpu_count,4},
      {system_memory_data,
          [{system_total_memory,16693739520},
           {free_swap,2141794304},
           {total_swap,2147479552},
           {cached_memory,5625950208},
           {buffered_memory,275070976},
           {free_memory,5982048256},
           {total_memory,16693739520}]},
      {node_storage_conf,
          [{db_path,"/opt/couchbase/var/lib/couchbase/data"},
           {index_path,"/opt/couchbase/var/lib/couchbase/data"}]},
      {statistics,
          [{wall_clock,{1848,5}},
           {context_switches,{28540,0}},
           {garbage_collection,{6152,29961595,0}},
           {io,{{input,7420717},{output,701611}}},
           {reductions,{26457344,53932}},
           {run_queue,0},
           {runtime,{1075,9}},
           {run_queues,{0,0,0,0,0,0}}]},
      {system_stats,
          [{cpu_utilization_rate,0},
           {cpu_stolen_rate,0},
           {swap_total,0},
           {swap_used,0},
           {mem_total,0},
           {mem_free,0},
           {mem_limit,0},
           {cpu_cores_available,0}]},
      {interesting_stats,[]},
      {per_bucket_interesting_stats,[]},
      {processes_stats,[]},
      {cluster_compatibility_version,1},
      {version,
          [{os_mon,"2.4.4"},
           {sasl,"3.1.2"},
           {ns_server,"6.5.0-4966-community"},
           {public_key,"1.5.2"},
           {inets,"6.5.2.4"},
           {crypto,"4.2.2.2"},
           {stdlib,"3.4.5.1"},
           {ssl,"8.2.6.4"},
           {kernel,"5.4.3.2"},
           {lhttpc,"1.3.0"},
           {asn1,"5.0.5.2"},
           {ale,"0.0.0"}]},
      {supported_compat_version,[6,5]},
      {advertised_version,[6,5,0]},
      {system_arch,"x86_64-unknown-linux-gnu"},
      {wall_clock,1},
      {memory_data,{16693739520,10608459776,{<0.33.0>,514520}}},
      {disk_data,
          [{"/dev",8128840,0},
           {"/run",1630248,1},
           {"/",245084444,28},
           {"/dev/shm",8151240,3},
           {"/run/lock",5120,1},
           {"/sys/fs/cgroup",8151240,0},
           {"/snap/pycharm-community/188",356352,100},
           {"/snap/core/8689",93568,100},
           {"/snap/core/8935",96128,100},
           {"/snap/gnome-logs/81",1024,100},
           {"/snap/gnome-calculator/544",4352,100},
           {"/snap/gtk-common-themes/1440",46080,100},
           {"/snap/gnome-characters/495",15104,100},
           {"/snap/core18/1668",56064,100},
           {"/snap/gnome-characters/399",15104,100},
           {"/snap/gnome-calculator/704",4480,100},
           {"/snap/gtk-common-themes/1474",49536,100},
           {"/snap/gnome-system-monitor/127",3840,100},
           {"/snap/gnome-logs/93",1024,100},
           {"/snap/gnome-system-monitor/135",3840,100},
           {"/snap/gnome-3-28-1804/116",164096,100},
           {"/snap/core18/1705",56320,100},
           {"/snap/gnome-3-26-1604/59",143488,100},
           {"/snap/gnome-3-26-1604/98",144128,100},
           {"/run/user/120",1630248,1},
           {"/run/user/76735",1630248,1},
           {"/run/user/993",1630248,0}]}]}]
[ns_doctor:debug,2020-04-02T20:09:15.671+05:30,ns_1@127.0.0.1:ns_doctor<0.302.0>:ns_doctor:handle_info:186]Current node statuses:
[{'ns_1@127.0.0.1',
     [{last_heard,-576460695193487200},
      {now,-576460695196896561},
      {active_buckets,[]},
      {ready_buckets,[]},
      {status_latency,3240},
      {outgoing_replications_safeness_level,[]},
      {incoming_replications_conf_hashes,[]},
      {meminfo,
          <<"MemTotal:       16302480 kB\nMemFree:         5771148 kB\nMemAvailable:   10781696 kB\nBuffers:          269204 kB\nCached:          5534668 kB\nSwapCached:          416 kB\nActive:          5240868 kB\nInactive:        4680252 kB\nActive(anon):    3752348 kB\nInactive(anon):  1041856 kB\nActive(file):    1488520 kB\nInactive(file):  3638396 kB\nUnevictable:         112 kB\nMlocked:             112 kB\nSwapTotal:       2097148 kB\nSwapFree:        2091596 kB\nDirty:            114764 kB\nWriteback:             0 kB\nAnonPages:       4117312 kB\nMapped:          1312016 kB\nShmem:            793616 kB\nSlab:             380072 kB\nSReclaimable:     219368 kB\nSUnreclaim:       160704 kB\nKernelStack:       22448 kB\nPageTables:        94512 kB\nNFS_Unstable:          0 kB\nBounce:                0 kB\nWritebackTmp:          0 kB\nCommitLimit:    10248388 kB\nCommitted_AS:   17072876 kB\nVmallocTotal:   34359738367 kB\nVmallocUsed:           0 kB\nVmallocChunk:          0 kB\nHardwareCorrupted:     0 kB\nAnonHugePages:      2048 kB\nShmemHugePages:        0 kB\nShmemPmdMapped:        0 kB\nCmaTotal:              0 kB\nCmaFree:               0 kB\nHugePages_Total:       0\nHugePages_Free:        0\nHugePages_Rsvd:        0\nHugePages_Surp:        0\nHugepagesize:       2048 kB\nDirectMap4k:     1570408 kB\nDirectMap2M:    15083520 kB\nDirectMap1G:     1048576 kB\n">>},
      {loadavg,<<"2.06 2.09 1.99 2/1400 27424\n">>},
      {cpu_pressure,{error,enoent}},
      {memory_pressure,{error,enoent}},
      {io_pressure,{error,enoent}},
      {local_tasks,[]},
      {memory,
          [{total,50668880},
           {processes,23344248},
           {processes_used,23340184},
           {system,27324632},
           {atom,695209},
           {atom_used,668718},
           {binary,2025056},
           {code,13153207},
           {ets,2760784}]},
      {cpu_count,4},
      {system_memory_data,
          [{system_total_memory,16693739520},
           {free_swap,2141794304},
           {total_swap,2147479552},
           {cached_memory,5667500032},
           {buffered_memory,275664896},
           {free_memory,5909655552},
           {total_memory,16693739520}]},
      {node_storage_conf,
          [{db_path,"/opt/couchbase/var/lib/couchbase/data"},
           {index_path,"/opt/couchbase/var/lib/couchbase/data"}]},
      {statistics,
          [{wall_clock,{56805,4993}},
           {context_switches,{52788,0}},
           {garbage_collection,{12699,40694822,0}},
           {io,{{input,16640589},{output,8348370}}},
           {reductions,{33658541,197231}},
           {run_queue,0},
           {runtime,{2814,60}},
           {run_queues,{0,0,0,0,0,0}}]},
      {system_stats,
          [{cpu_utilization_rate,30.09950248756219},
           {cpu_stolen_rate,0.0},
           {swap_total,2147479552},
           {swap_used,5685248},
           {mem_total,16693739520},
           {mem_free,11838623744},
           {mem_limit,16693739520},
           {cpu_cores_available,4}]},
      {interesting_stats,[]},
      {per_bucket_interesting_stats,[]},
      {processes_stats,
          [{<<"sigar_port/mem_size">>,9015296},
           {<<"sigar_port/mem_resident">>,983040},
           {<<"sigar_port/major_faults_raw">>,1},
           {<<"sigar_port/cpu_utilization">>,0},
           {<<"saslauthd-port/mem_size">>,495210496},
           {<<"saslauthd-port/mem_resident">>,7446528},
           {<<"saslauthd-port/major_faults_raw">>,47},
           {<<"saslauthd-port/cpu_utilization">>,0},
           {<<"ns_server/mem_size">>,3314765824},
           {<<"ns_server/mem_resident">>,64520192},
           {<<"ns_server/major_faults_raw">>,2},
           {<<"ns_server/cpu_utilization">>,3},
           {<<"memcached/mem_size">>,784797696},
           {<<"memcached/mem_resident">>,20258816},
           {<<"memcached/major_faults_raw">>,79},
           {<<"memcached/cpu_utilization">>,0},
           {<<"goxdcr/mem_size">>,957698048},
           {<<"goxdcr/mem_resident">>,12308480},
           {<<"goxdcr/major_faults_raw">>,95},
           {<<"goxdcr/cpu_utilization">>,0},
           {<<"goport/mem_size">>,5111808},
           {<<"goport/mem_resident">>,1908736},
           {<<"goport/major_faults_raw">>,15},
           {<<"goport/cpu_utilization">>,0},
           {<<"godu/mem_size">>,6946816},
           {<<"godu/mem_resident">>,2879488},
           {<<"godu/major_faults_raw">>,15},
           {<<"godu/cpu_utilization">>,0},
           {<<"erl_child_setup/mem_size">>,13885440},
           {<<"erl_child_setup/mem_resident">>,2371584},
           {<<"erl_child_setup/major_faults_raw">>,0},
           {<<"erl_child_setup/cpu_utilization">>,0},
           {<<"couchdb/mem_size">>,3231703040},
           {<<"couchdb/mem_resident">>,68059136},
           {<<"couchdb/major_faults_raw">>,93},
           {<<"couchdb/cpu_utilization">>,0},
           {<<"babysitter/mem_size">>,3275923456},
           {<<"babysitter/mem_resident">>,33169408},
           {<<"babysitter/major_faults_raw">>,17},
           {<<"babysitter/cpu_utilization">>,0}]},
      {cluster_compatibility_version,393221},
      {version,
          [{os_mon,"2.4.4"},
           {sasl,"3.1.2"},
           {ns_server,"6.5.0-4966-community"},
           {public_key,"1.5.2"},
           {inets,"6.5.2.4"},
           {crypto,"4.2.2.2"},
           {stdlib,"3.4.5.1"},
           {ssl,"8.2.6.4"},
           {kernel,"5.4.3.2"},
           {lhttpc,"1.3.0"},
           {asn1,"5.0.5.2"},
           {ale,"0.0.0"}]},
      {supported_compat_version,[6,5]},
      {advertised_version,[6,5,0]},
      {system_arch,"x86_64-unknown-linux-gnu"},
      {wall_clock,56},
      {memory_data,{16693739520,10608459776,{<0.33.0>,514520}}},
      {disk_data,
          [{"/dev",8128840,0},
           {"/run",1630248,1},
           {"/",245084444,28},
           {"/dev/shm",8151240,3},
           {"/run/lock",5120,1},
           {"/sys/fs/cgroup",8151240,0},
           {"/snap/pycharm-community/188",356352,100},
           {"/snap/core/8689",93568,100},
           {"/snap/core/8935",96128,100},
           {"/snap/gnome-logs/81",1024,100},
           {"/snap/gnome-calculator/544",4352,100},
           {"/snap/gtk-common-themes/1440",46080,100},
           {"/snap/gnome-characters/495",15104,100},
           {"/snap/core18/1668",56064,100},
           {"/snap/gnome-characters/399",15104,100},
           {"/snap/gnome-calculator/704",4480,100},
           {"/snap/gtk-common-themes/1474",49536,100},
           {"/snap/gnome-system-monitor/127",3840,100},
           {"/snap/gnome-logs/93",1024,100},
           {"/snap/gnome-system-monitor/135",3840,100},
           {"/snap/gnome-3-28-1804/116",164096,100},
           {"/snap/core18/1705",56320,100},
           {"/snap/gnome-3-26-1604/59",143488,100},
           {"/snap/gnome-3-26-1604/98",144128,100},
           {"/run/user/120",1630248,1},
           {"/run/user/76735",1630248,1},
           {"/run/user/993",1630248,0}]}]}]
[ns_doctor:debug,2020-04-02T20:10:15.671+05:30,ns_1@127.0.0.1:ns_doctor<0.302.0>:ns_doctor:handle_info:186]Current node statuses:
[{'ns_1@127.0.0.1',
     [{last_heard,-576460635180041927},
      {now,-576460635194649929},
      {active_buckets,[]},
      {ready_buckets,[]},
      {status_latency,14137},
      {outgoing_replications_safeness_level,[]},
      {incoming_replications_conf_hashes,[]},
      {meminfo,
          <<"MemTotal:       16302480 kB\nMemFree:         5701580 kB\nMemAvailable:   10775572 kB\nBuffers:          270176 kB\nCached:          5607476 kB\nSwapCached:          416 kB\nActive:          5252648 kB\nInactive:        4735264 kB\nActive(anon):    3745272 kB\nInactive(anon):  1058056 kB\nActive(file):    1507376 kB\nInactive(file):  3677208 kB\nUnevictable:         112 kB\nMlocked:             112 kB\nSwapTotal:       2097148 kB\nSwapFree:        2091596 kB\nDirty:            133376 kB\nWriteback:             0 kB\nAnonPages:       4110328 kB\nMapped:          1318596 kB\nShmem:            809848 kB\nSlab:             385860 kB\nSReclaimable:     225072 kB\nSUnreclaim:       160788 kB\nKernelStack:       22256 kB\nPageTables:        93432 kB\nNFS_Unstable:          0 kB\nBounce:                0 kB\nWritebackTmp:          0 kB\nCommitLimit:    10248388 kB\nCommitted_AS:   16927888 kB\nVmallocTotal:   34359738367 kB\nVmallocUsed:           0 kB\nVmallocChunk:          0 kB\nHardwareCorrupted:     0 kB\nAnonHugePages:      2048 kB\nShmemHugePages:        0 kB\nShmemPmdMapped:        0 kB\nCmaTotal:              0 kB\nCmaFree:               0 kB\nHugePages_Total:       0\nHugePages_Free:        0\nHugePages_Rsvd:        0\nHugePages_Surp:        0\nHugepagesize:       2048 kB\nDirectMap4k:     1570408 kB\nDirectMap2M:    15083520 kB\nDirectMap1G:     1048576 kB\n">>},
      {loadavg,<<"2.17 2.15 2.02 6/1388 28353\n">>},
      {cpu_pressure,{error,enoent}},
      {memory_pressure,{error,enoent}},
      {io_pressure,{error,enoent}},
      {local_tasks,[]},
      {memory,
          [{total,52675440},
           {processes,24965096},
           {processes_used,24958520},
           {system,27710344},
           {atom,695209},
           {atom_used,668718},
           {binary,2120768},
           {code,13153207},
           {ets,3050464}]},
      {cpu_count,4},
      {system_memory_data,
          [{system_total_memory,16693739520},
           {free_swap,2141794304},
           {total_swap,2147479552},
           {cached_memory,5743058944},
           {buffered_memory,276660224},
           {free_memory,5837635584},
           {total_memory,16693739520}]},
      {node_storage_conf,
          [{db_path,"/opt/couchbase/var/lib/couchbase/data"},
           {index_path,"/opt/couchbase/var/lib/couchbase/data"}]},
      {statistics,
          [{wall_clock,{116809,4999}},
           {context_switches,{70435,0}},
           {garbage_collection,{17211,48926497,0}},
           {io,{{input,17221773},{output,8597441}}},
           {reductions,{37902160,850430}},
           {run_queue,0},
           {runtime,{4039,176}},
           {run_queues,{0,0,0,0,0,0}}]},
      {system_stats,
          [{cpu_utilization_rate,14.321608040201005},
           {cpu_stolen_rate,0.0},
           {swap_total,2147479552},
           {swap_used,5685248},
           {mem_total,16693739520},
           {mem_free,11858243584},
           {mem_limit,16693739520},
           {cpu_cores_available,4}]},
      {interesting_stats,[]},
      {per_bucket_interesting_stats,[]},
      {processes_stats,
          [{<<"sigar_port/mem_size">>,9015296},
           {<<"sigar_port/mem_resident">>,983040},
           {<<"sigar_port/major_faults_raw">>,1},
           {<<"sigar_port/cpu_utilization">>,0},
           {<<"saslauthd-port/mem_size">>,495210496},
           {<<"saslauthd-port/mem_resident">>,7446528},
           {<<"saslauthd-port/major_faults_raw">>,47},
           {<<"saslauthd-port/cpu_utilization">>,0},
           {<<"ns_server/mem_size">>,3321475072},
           {<<"ns_server/mem_resident">>,67010560},
           {<<"ns_server/major_faults_raw">>,2},
           {<<"ns_server/cpu_utilization">>,2},
           {<<"memcached/mem_size">>,784797696},
           {<<"memcached/mem_resident">>,20258816},
           {<<"memcached/major_faults_raw">>,79},
           {<<"memcached/cpu_utilization">>,0},
           {<<"goxdcr/mem_size">>,957698048},
           {<<"goxdcr/mem_resident">>,12673024},
           {<<"goxdcr/major_faults_raw">>,95},
           {<<"goxdcr/cpu_utilization">>,0},
           {<<"goport/mem_size">>,5111808},
           {<<"goport/mem_resident">>,1908736},
           {<<"goport/major_faults_raw">>,15},
           {<<"goport/cpu_utilization">>,0},
           {<<"godu/mem_size">>,6946816},
           {<<"godu/mem_resident">>,2879488},
           {<<"godu/major_faults_raw">>,15},
           {<<"godu/cpu_utilization">>,0},
           {<<"erl_child_setup/mem_size">>,13885440},
           {<<"erl_child_setup/mem_resident">>,2371584},
           {<<"erl_child_setup/major_faults_raw">>,0},
           {<<"erl_child_setup/cpu_utilization">>,0},
           {<<"couchdb/mem_size">>,3231703040},
           {<<"couchdb/mem_resident">>,68059136},
           {<<"couchdb/major_faults_raw">>,93},
           {<<"couchdb/cpu_utilization">>,0},
           {<<"babysitter/mem_size">>,3275923456},
           {<<"babysitter/mem_resident">>,33169408},
           {<<"babysitter/major_faults_raw">>,17},
           {<<"babysitter/cpu_utilization">>,0}]},
      {cluster_compatibility_version,393221},
      {version,
          [{os_mon,"2.4.4"},
           {sasl,"3.1.2"},
           {ns_server,"6.5.0-4966-community"},
           {public_key,"1.5.2"},
           {inets,"6.5.2.4"},
           {crypto,"4.2.2.2"},
           {stdlib,"3.4.5.1"},
           {ssl,"8.2.6.4"},
           {kernel,"5.4.3.2"},
           {lhttpc,"1.3.0"},
           {asn1,"5.0.5.2"},
           {ale,"0.0.0"}]},
      {supported_compat_version,[6,5]},
      {advertised_version,[6,5,0]},
      {system_arch,"x86_64-unknown-linux-gnu"},
      {wall_clock,116},
      {memory_data,{16693739520,10757820416,{<0.187.0>,1945816}}},
      {disk_data,
          [{"/dev",8128840,0},
           {"/run",1630248,1},
           {"/",245084444,28},
           {"/dev/shm",8151240,3},
           {"/run/lock",5120,1},
           {"/sys/fs/cgroup",8151240,0},
           {"/snap/pycharm-community/188",356352,100},
           {"/snap/core/8689",93568,100},
           {"/snap/core/8935",96128,100},
           {"/snap/gnome-logs/81",1024,100},
           {"/snap/gnome-calculator/544",4352,100},
           {"/snap/gtk-common-themes/1440",46080,100},
           {"/snap/gnome-characters/495",15104,100},
           {"/snap/core18/1668",56064,100},
           {"/snap/gnome-characters/399",15104,100},
           {"/snap/gnome-calculator/704",4480,100},
           {"/snap/gtk-common-themes/1474",49536,100},
           {"/snap/gnome-system-monitor/127",3840,100},
           {"/snap/gnome-logs/93",1024,100},
           {"/snap/gnome-system-monitor/135",3840,100},
           {"/snap/gnome-3-28-1804/116",164096,100},
           {"/snap/core18/1705",56320,100},
           {"/snap/gnome-3-26-1604/59",143488,100},
           {"/snap/gnome-3-26-1604/98",144128,100},
           {"/run/user/120",1630248,1},
           {"/run/user/76735",1630248,1},
           {"/run/user/993",1630248,0}]}]}]
[ns_doctor:debug,2020-04-02T20:11:12.558+05:30,ns_1@127.0.0.1:ns_doctor<0.302.0>:ns_doctor:handle_info:182]Got initial status:
[{'ns_1@127.0.0.1',
     [{last_heard,-576460750208612707},
      {now,-576460750212137151},
      {active_buckets,[]},
      {ready_buckets,[]},
      {status_latency,3417},
      {outgoing_replications_safeness_level,[]},
      {incoming_replications_conf_hashes,[]},
      {meminfo,
          <<"MemTotal:       16302480 kB\nMemFree:         5088008 kB\nMemAvailable:   10824252 kB\nBuffers:          272816 kB\nCached:          6249400 kB\nSwapCached:          416 kB\nActive:          5291580 kB\nInactive:        5292952 kB\nActive(anon):    3697368 kB\nInactive(anon):  1058684 kB\nActive(file):    1594212 kB\nInactive(file):  4234268 kB\nUnevictable:         112 kB\nMlocked:             112 kB\nSwapTotal:       2097148 kB\nSwapFree:        2091596 kB\nDirty:            277868 kB\nWriteback:             0 kB\nAnonPages:       4062388 kB\nMapped:          1298016 kB\nShmem:            810588 kB\nSlab:             404120 kB\nSReclaimable:     243348 kB\nSUnreclaim:       160772 kB\nKernelStack:       21648 kB\nPageTables:        92612 kB\nNFS_Unstable:          0 kB\nBounce:                0 kB\nWritebackTmp:          0 kB\nCommitLimit:    10248388 kB\nCommitted_AS:   16381824 kB\nVmallocTotal:   34359738367 kB\nVmallocUsed:           0 kB\nVmallocChunk:          0 kB\nHardwareCorrupted:     0 kB\nAnonHugePages:      2048 kB\nShmemHugePages:        0 kB\nShmemPmdMapped:        0 kB\nCmaTotal:              0 kB\nCmaFree:               0 kB\nHugePages_Total:       0\nHugePages_Free:        0\nHugePages_Rsvd:        0\nHugePages_Surp:        0\nHugepagesize:       2048 kB\nDirectMap4k:     1572456 kB\nDirectMap2M:    15081472 kB\nDirectMap1G:     1048576 kB\n">>},
      {loadavg,<<"2.05 2.09 2.01 2/1350 29964\n">>},
      {cpu_pressure,{error,enoent}},
      {memory_pressure,{error,enoent}},
      {io_pressure,{error,enoent}},
      {local_tasks,[]},
      {memory,
          [{total,35737744},
           {processes,14367416},
           {processes_used,14351104},
           {system,21370328},
           {atom,512625},
           {atom_used,504849},
           {binary,690152},
           {code,10879296},
           {ets,1764064}]},
      {cpu_count,4},
      {system_memory_data,
          [{system_total_memory,16693739520},
           {free_swap,2141794304},
           {total_swap,2147479552},
           {cached_memory,6399385600},
           {buffered_memory,279363584},
           {free_memory,5210120192},
           {total_memory,16693739520}]},
      {node_storage_conf,
          [{db_path,"/opt/couchbase/var/lib/couchbase/data"},
           {index_path,"/opt/couchbase/var/lib/couchbase/data"}]},
      {statistics,
          [{wall_clock,{1789,2}},
           {context_switches,{28384,0}},
           {garbage_collection,{6138,29931204,0}},
           {io,{{input,7405118},{output,496448}}},
           {reductions,{26377872,42421}},
           {run_queue,1},
           {runtime,{1070,8}},
           {run_queues,{0,0,0,1,0,0}}]},
      {system_stats,
          [{cpu_utilization_rate,0},
           {cpu_stolen_rate,0},
           {swap_total,0},
           {swap_used,0},
           {mem_total,0},
           {mem_free,0},
           {mem_limit,0},
           {cpu_cores_available,0}]},
      {interesting_stats,[]},
      {per_bucket_interesting_stats,[]},
      {processes_stats,[]},
      {cluster_compatibility_version,1},
      {version,
          [{os_mon,"2.4.4"},
           {sasl,"3.1.2"},
           {ns_server,"6.5.0-4966-community"},
           {public_key,"1.5.2"},
           {inets,"6.5.2.4"},
           {crypto,"4.2.2.2"},
           {stdlib,"3.4.5.1"},
           {ssl,"8.2.6.4"},
           {kernel,"5.4.3.2"},
           {lhttpc,"1.3.0"},
           {asn1,"5.0.5.2"},
           {ale,"0.0.0"}]},
      {supported_compat_version,[6,5]},
      {advertised_version,[6,5,0]},
      {system_arch,"x86_64-unknown-linux-gnu"},
      {wall_clock,1},
      {memory_data,{16693739520,11388964864,{<0.33.0>,744064}}},
      {disk_data,
          [{"/dev",8128840,0},
           {"/run",1630248,1},
           {"/",245084444,28},
           {"/dev/shm",8151240,3},
           {"/run/lock",5120,1},
           {"/sys/fs/cgroup",8151240,0},
           {"/snap/pycharm-community/188",356352,100},
           {"/snap/core/8689",93568,100},
           {"/snap/core/8935",96128,100},
           {"/snap/gnome-logs/81",1024,100},
           {"/snap/gnome-calculator/544",4352,100},
           {"/snap/gtk-common-themes/1440",46080,100},
           {"/snap/gnome-characters/495",15104,100},
           {"/snap/core18/1668",56064,100},
           {"/snap/gnome-characters/399",15104,100},
           {"/snap/gnome-calculator/704",4480,100},
           {"/snap/gtk-common-themes/1474",49536,100},
           {"/snap/gnome-system-monitor/127",3840,100},
           {"/snap/gnome-logs/93",1024,100},
           {"/snap/gnome-system-monitor/135",3840,100},
           {"/snap/gnome-3-28-1804/116",164096,100},
           {"/snap/core18/1705",56320,100},
           {"/snap/gnome-3-26-1604/59",143488,100},
           {"/snap/gnome-3-26-1604/98",144128,100},
           {"/run/user/120",1630248,1},
           {"/run/user/76735",1630248,1},
           {"/run/user/993",1630248,0}]}]}]
[ns_doctor:debug,2020-04-02T20:12:12.531+05:30,ns_1@127.0.0.1:ns_doctor<0.302.0>:ns_doctor:handle_info:186]Current node statuses:
[{'ns_1@127.0.0.1',
     [{last_heard,-576460690239709922},
      {now,-576460690242737976},
      {active_buckets,[]},
      {ready_buckets,[]},
      {status_latency,2809},
      {outgoing_replications_safeness_level,[]},
      {incoming_replications_conf_hashes,[]},
      {meminfo,
          <<"MemTotal:       16302480 kB\nMemFree:         3861888 kB\nMemAvailable:    9820944 kB\nBuffers:          277044 kB\nCached:          6547024 kB\nSwapCached:          416 kB\nActive:          6204328 kB\nInactive:        5579160 kB\nActive(anon):    4594516 kB\nInactive(anon):  1142824 kB\nActive(file):    1609812 kB\nInactive(file):  4436336 kB\nUnevictable:         112 kB\nMlocked:             112 kB\nSwapTotal:       2097148 kB\nSwapFree:        2091596 kB\nDirty:             10604 kB\nWriteback:             0 kB\nAnonPages:       4959500 kB\nMapped:          1529320 kB\nShmem:            894776 kB\nSlab:             411184 kB\nSReclaimable:     248424 kB\nSUnreclaim:       162760 kB\nKernelStack:       26640 kB\nPageTables:       104048 kB\nNFS_Unstable:          0 kB\nBounce:                0 kB\nWritebackTmp:          0 kB\nCommitLimit:    10248388 kB\nCommitted_AS:   18506692 kB\nVmallocTotal:   34359738367 kB\nVmallocUsed:           0 kB\nVmallocChunk:          0 kB\nHardwareCorrupted:     0 kB\nAnonHugePages:      4096 kB\nShmemHugePages:        0 kB\nShmemPmdMapped:        0 kB\nCmaTotal:              0 kB\nCmaFree:               0 kB\nHugePages_Total:       0\nHugePages_Free:        0\nHugePages_Rsvd:        0\nHugePages_Surp:        0\nHugepagesize:       2048 kB\nDirectMap4k:     1576552 kB\nDirectMap2M:    15077376 kB\nDirectMap1G:     1048576 kB\n">>},
      {loadavg,<<"2.68 2.25 2.06 1/1662 30515\n">>},
      {cpu_pressure,{error,enoent}},
      {memory_pressure,{error,enoent}},
      {io_pressure,{error,enoent}},
      {local_tasks,[]},
      {memory,
          [{total,51584736},
           {processes,23873536},
           {processes_used,23868144},
           {system,27711200},
           {atom,695209},
           {atom_used,668493},
           {binary,1945792},
           {code,13132089},
           {ets,3296456}]},
      {cpu_count,4},
      {system_memory_data,
          [{system_total_memory,16693739520},
           {free_swap,2141794304},
           {total_swap,2147479552},
           {cached_memory,6704152576},
           {buffered_memory,283693056},
           {free_memory,3954573312},
           {total_memory,16693739520}]},
      {node_storage_conf,
          [{db_path,"/opt/couchbase/var/lib/couchbase/data"},
           {index_path,"/opt/couchbase/var/lib/couchbase/data"}]},
      {statistics,
          [{wall_clock,{61759,4992}},
           {context_switches,{48092,0}},
           {garbage_collection,{10743,37663097,0}},
           {io,{{input,9519595},{output,1087203}}},
           {reductions,{30240193,222877}},
           {run_queue,0},
           {runtime,{2058,52}},
           {run_queues,{0,0,0,0,0,0}}]},
      {system_stats,
          [{cpu_utilization_rate,29.67581047381546},
           {cpu_stolen_rate,0.0},
           {swap_total,2147479552},
           {swap_used,5685248},
           {mem_total,16693739520},
           {mem_free,10944868352},
           {mem_limit,16693739520},
           {cpu_cores_available,4}]},
      {interesting_stats,[]},
      {per_bucket_interesting_stats,[]},
      {processes_stats,
          [{<<"sigar_port/mem_size">>,9015296},
           {<<"sigar_port/mem_resident">>,921600},
           {<<"sigar_port/major_faults_raw">>,0},
           {<<"sigar_port/cpu_utilization">>,0},
           {<<"saslauthd-port/mem_size">>,570712064},
           {<<"saslauthd-port/mem_resident">>,7335936},
           {<<"saslauthd-port/major_faults_raw">>,0},
           {<<"saslauthd-port/cpu_utilization">>,0},
           {<<"ns_server/mem_size">>,3313868800},
           {<<"ns_server/mem_resident">>,63737856},
           {<<"ns_server/major_faults_raw">>,0},
           {<<"ns_server/cpu_utilization">>,0},
           {<<"memcached/mem_size">>,784797696},
           {<<"memcached/mem_resident">>,20819968},
           {<<"memcached/major_faults_raw">>,0},
           {<<"memcached/cpu_utilization">>,0},
           {<<"goxdcr/mem_size">>,957698048},
           {<<"goxdcr/mem_resident">>,13651968},
           {<<"goxdcr/major_faults_raw">>,0},
           {<<"goxdcr/cpu_utilization">>,0},
           {<<"goport/mem_size">>,6815744},
           {<<"goport/mem_resident">>,1904640},
           {<<"goport/major_faults_raw">>,0},
           {<<"goport/cpu_utilization">>,0},
           {<<"godu/mem_size">>,6946816},
           {<<"godu/mem_resident">>,3280896},
           {<<"godu/major_faults_raw">>,0},
           {<<"godu/cpu_utilization">>,0},
           {<<"erl_child_setup/mem_size">>,13885440},
           {<<"erl_child_setup/mem_resident">>,2318336},
           {<<"erl_child_setup/major_faults_raw">>,0},
           {<<"erl_child_setup/cpu_utilization">>,0},
           {<<"couchdb/mem_size">>,3227508736},
           {<<"couchdb/mem_resident">>,68677632},
           {<<"couchdb/major_faults_raw">>,0},
           {<<"couchdb/cpu_utilization">>,0},
           {<<"babysitter/mem_size">>,3273826304},
           {<<"babysitter/mem_resident">>,33505280},
           {<<"babysitter/major_faults_raw">>,0},
           {<<"babysitter/cpu_utilization">>,0}]},
      {cluster_compatibility_version,393221},
      {version,
          [{os_mon,"2.4.4"},
           {sasl,"3.1.2"},
           {ns_server,"6.5.0-4966-community"},
           {public_key,"1.5.2"},
           {inets,"6.5.2.4"},
           {crypto,"4.2.2.2"},
           {stdlib,"3.4.5.1"},
           {ssl,"8.2.6.4"},
           {kernel,"5.4.3.2"},
           {lhttpc,"1.3.0"},
           {asn1,"5.0.5.2"},
           {ale,"0.0.0"}]},
      {supported_compat_version,[6,5]},
      {advertised_version,[6,5,0]},
      {system_arch,"x86_64-unknown-linux-gnu"},
      {wall_clock,61},
      {memory_data,{16693739520,12806819840,{<0.187.0>,1945816}}},
      {disk_data,
          [{"/dev",8128840,0},
           {"/run",1630248,1},
           {"/",245084444,28},
           {"/dev/shm",8151240,4},
           {"/run/lock",5120,1},
           {"/sys/fs/cgroup",8151240,0},
           {"/snap/pycharm-community/188",356352,100},
           {"/snap/core/8689",93568,100},
           {"/snap/core/8935",96128,100},
           {"/snap/gnome-logs/81",1024,100},
           {"/snap/gnome-calculator/544",4352,100},
           {"/snap/gtk-common-themes/1440",46080,100},
           {"/snap/gnome-characters/495",15104,100},
           {"/snap/core18/1668",56064,100},
           {"/snap/gnome-characters/399",15104,100},
           {"/snap/gnome-calculator/704",4480,100},
           {"/snap/gtk-common-themes/1474",49536,100},
           {"/snap/gnome-system-monitor/127",3840,100},
           {"/snap/gnome-logs/93",1024,100},
           {"/snap/gnome-system-monitor/135",3840,100},
           {"/snap/gnome-3-28-1804/116",164096,100},
           {"/snap/core18/1705",56320,100},
           {"/snap/gnome-3-26-1604/59",143488,100},
           {"/snap/gnome-3-26-1604/98",144128,100},
           {"/run/user/120",1630248,1},
           {"/run/user/76735",1630248,1},
           {"/run/user/993",1630248,0}]}]}]
[ns_doctor:debug,2020-04-02T20:13:12.531+05:30,ns_1@127.0.0.1:ns_doctor<0.302.0>:ns_doctor:handle_info:186]Current node statuses:
[{'ns_1@127.0.0.1',
     [{last_heard,-576460635230092849},
      {now,-576460635242731995},
      {active_buckets,[]},
      {ready_buckets,[]},
      {status_latency,12138},
      {outgoing_replications_safeness_level,[]},
      {incoming_replications_conf_hashes,[]},
      {meminfo,
          <<"MemTotal:       16302480 kB\nMemFree:         3878752 kB\nMemAvailable:    9871904 kB\nBuffers:          277956 kB\nCached:          6589356 kB\nSwapCached:          416 kB\nActive:          6194232 kB\nInactive:        5559104 kB\nActive(anon):    4521276 kB\nInactive(anon):  1168708 kB\nActive(file):    1672956 kB\nInactive(file):  4390396 kB\nUnevictable:         112 kB\nMlocked:             112 kB\nSwapTotal:       2097148 kB\nSwapFree:        2091596 kB\nDirty:              2828 kB\nWriteback:             0 kB\nAnonPages:       4885968 kB\nMapped:          1564852 kB\nShmem:            921572 kB\nSlab:             427868 kB\nSReclaimable:     264468 kB\nSUnreclaim:       163400 kB\nKernelStack:       25568 kB\nPageTables:       102368 kB\nNFS_Unstable:          0 kB\nBounce:                0 kB\nWritebackTmp:          0 kB\nCommitLimit:    10248388 kB\nCommitted_AS:   18495772 kB\nVmallocTotal:   34359738367 kB\nVmallocUsed:           0 kB\nVmallocChunk:          0 kB\nHardwareCorrupted:     0 kB\nAnonHugePages:      4096 kB\nShmemHugePages:        0 kB\nShmemPmdMapped:        0 kB\nCmaTotal:              0 kB\nCmaFree:               0 kB\nHugePages_Total:       0\nHugePages_Free:        0\nHugePages_Rsvd:        0\nHugePages_Surp:        0\nHugepagesize:       2048 kB\nDirectMap4k:     1578600 kB\nDirectMap2M:    15075328 kB\nDirectMap1G:     1048576 kB\n">>},
      {loadavg,<<"2.37 2.27 2.08 2/1595 30659\n">>},
      {cpu_pressure,{error,enoent}},
      {memory_pressure,{error,enoent}},
      {io_pressure,{error,enoent}},
      {local_tasks,[]},
      {memory,
          [{total,53121656},
           {processes,24920504},
           {processes_used,24914672},
           {system,28201152},
           {atom,695209},
           {atom_used,668718},
           {binary,2223312},
           {code,13153207},
           {ets,3439152}]},
      {cpu_count,4},
      {system_memory_data,
          [{system_total_memory,16693739520},
           {free_swap,2141794304},
           {total_swap,2147479552},
           {cached_memory,6747500544},
           {buffered_memory,284626944},
           {free_memory,3972784128},
           {total_memory,16693739520}]},
      {node_storage_conf,
          [{db_path,"/opt/couchbase/var/lib/couchbase/data"},
           {index_path,"/opt/couchbase/var/lib/couchbase/data"}]},
      {statistics,
          [{wall_clock,{116767,4995}},
           {context_switches,{63711,0}},
           {garbage_collection,{14204,44670412,0}},
           {io,{{input,10009095},{output,1301387}}},
           {reductions,{33664684,417966}},
           {run_queue,0},
           {runtime,{3122,99}},
           {run_queues,{0,0,0,0,0,0}}]},
      {system_stats,
          [{cpu_utilization_rate,7.969151670951157},
           {cpu_stolen_rate,0.0},
           {swap_total,2147479552},
           {swap_used,5685248},
           {mem_total,16693739520},
           {mem_free,11002941440},
           {mem_limit,16693739520},
           {cpu_cores_available,4}]},
      {interesting_stats,[]},
      {per_bucket_interesting_stats,[]},
      {processes_stats,
          [{<<"sigar_port/mem_size">>,9015296},
           {<<"sigar_port/mem_resident">>,921600},
           {<<"sigar_port/major_faults_raw">>,0},
           {<<"sigar_port/cpu_utilization">>,0},
           {<<"saslauthd-port/mem_size">>,570712064},
           {<<"saslauthd-port/mem_resident">>,7335936},
           {<<"saslauthd-port/major_faults_raw">>,0},
           {<<"saslauthd-port/cpu_utilization">>,0},
           {<<"ns_server/mem_size">>,3317202944},
           {<<"ns_server/mem_resident">>,65757184},
           {<<"ns_server/major_faults_raw">>,0},
           {<<"ns_server/cpu_utilization">>,5},
           {<<"memcached/mem_size">>,784797696},
           {<<"memcached/mem_resident">>,20819968},
           {<<"memcached/major_faults_raw">>,0},
           {<<"memcached/cpu_utilization">>,0},
           {<<"goxdcr/mem_size">>,957698048},
           {<<"goxdcr/mem_resident">>,13651968},
           {<<"goxdcr/major_faults_raw">>,0},
           {<<"goxdcr/cpu_utilization">>,0},
           {<<"goport/mem_size">>,6815744},
           {<<"goport/mem_resident">>,1904640},
           {<<"goport/major_faults_raw">>,0},
           {<<"goport/cpu_utilization">>,0},
           {<<"godu/mem_size">>,6946816},
           {<<"godu/mem_resident">>,3280896},
           {<<"godu/major_faults_raw">>,0},
           {<<"godu/cpu_utilization">>,0},
           {<<"erl_child_setup/mem_size">>,13885440},
           {<<"erl_child_setup/mem_resident">>,2318336},
           {<<"erl_child_setup/major_faults_raw">>,0},
           {<<"erl_child_setup/cpu_utilization">>,0},
           {<<"couchdb/mem_size">>,3227508736},
           {<<"couchdb/mem_resident">>,68677632},
           {<<"couchdb/major_faults_raw">>,0},
           {<<"couchdb/cpu_utilization">>,0},
           {<<"babysitter/mem_size">>,3273826304},
           {<<"babysitter/mem_resident">>,33505280},
           {<<"babysitter/major_faults_raw">>,0},
           {<<"babysitter/cpu_utilization">>,0}]},
      {cluster_compatibility_version,393221},
      {version,
          [{os_mon,"2.4.4"},
           {sasl,"3.1.2"},
           {ns_server,"6.5.0-4966-community"},
           {public_key,"1.5.2"},
           {inets,"6.5.2.4"},
           {crypto,"4.2.2.2"},
           {stdlib,"3.4.5.1"},
           {ssl,"8.2.6.4"},
           {kernel,"5.4.3.2"},
           {lhttpc,"1.3.0"},
           {asn1,"5.0.5.2"},
           {ale,"0.0.0"}]},
      {supported_compat_version,[6,5]},
      {advertised_version,[6,5,0]},
      {system_arch,"x86_64-unknown-linux-gnu"},
      {wall_clock,116},
      {memory_data,{16693739520,12806819840,{<0.187.0>,1945816}}},
      {disk_data,
          [{"/dev",8128840,0},
           {"/run",1630248,1},
           {"/",245084444,28},
           {"/dev/shm",8151240,4},
           {"/run/lock",5120,1},
           {"/sys/fs/cgroup",8151240,0},
           {"/snap/pycharm-community/188",356352,100},
           {"/snap/core/8689",93568,100},
           {"/snap/core/8935",96128,100},
           {"/snap/gnome-logs/81",1024,100},
           {"/snap/gnome-calculator/544",4352,100},
           {"/snap/gtk-common-themes/1440",46080,100},
           {"/snap/gnome-characters/495",15104,100},
           {"/snap/core18/1668",56064,100},
           {"/snap/gnome-characters/399",15104,100},
           {"/snap/gnome-calculator/704",4480,100},
           {"/snap/gtk-common-themes/1474",49536,100},
           {"/snap/gnome-system-monitor/127",3840,100},
           {"/snap/gnome-logs/93",1024,100},
           {"/snap/gnome-system-monitor/135",3840,100},
           {"/snap/gnome-3-28-1804/116",164096,100},
           {"/snap/core18/1705",56320,100},
           {"/snap/gnome-3-26-1604/59",143488,100},
           {"/snap/gnome-3-26-1604/98",144128,100},
           {"/run/user/120",1630248,1},
           {"/run/user/76735",1630248,1},
           {"/run/user/993",1630248,0}]}]}]
[ns_doctor:debug,2020-04-02T20:14:12.531+05:30,ns_1@127.0.0.1:ns_doctor<0.302.0>:ns_doctor:handle_info:186]Current node statuses:
[{'ns_1@127.0.0.1',
     [{last_heard,-576460575231247037},
      {now,-576460575242685513},
      {active_buckets,[]},
      {ready_buckets,[]},
      {status_latency,11025},
      {outgoing_replications_safeness_level,[]},
      {incoming_replications_conf_hashes,[]},
      {meminfo,
          <<"MemTotal:       16302480 kB\nMemFree:         3735636 kB\nMemAvailable:    9739124 kB\nBuffers:          278572 kB\nCached:          6749720 kB\nSwapCached:          416 kB\nActive:          6177488 kB\nInactive:        5716300 kB\nActive(anon):    4500820 kB\nInactive(anon):  1320156 kB\nActive(file):    1676668 kB\nInactive(file):  4396144 kB\nUnevictable:         112 kB\nMlocked:             112 kB\nSwapTotal:       2097148 kB\nSwapFree:        2091596 kB\nDirty:              3868 kB\nWriteback:             0 kB\nAnonPages:       4865568 kB\nMapped:          1664260 kB\nShmem:           1073020 kB\nSlab:             428688 kB\nSReclaimable:     265344 kB\nSUnreclaim:       163344 kB\nKernelStack:       25712 kB\nPageTables:       103920 kB\nNFS_Unstable:          0 kB\nBounce:                0 kB\nWritebackTmp:          0 kB\nCommitLimit:    10248388 kB\nCommitted_AS:   18832632 kB\nVmallocTotal:   34359738367 kB\nVmallocUsed:           0 kB\nVmallocChunk:          0 kB\nHardwareCorrupted:     0 kB\nAnonHugePages:      4096 kB\nShmemHugePages:        0 kB\nShmemPmdMapped:        0 kB\nCmaTotal:              0 kB\nCmaFree:               0 kB\nHugePages_Total:       0\nHugePages_Free:        0\nHugePages_Rsvd:        0\nHugePages_Surp:        0\nHugepagesize:       2048 kB\nDirectMap4k:     1594984 kB\nDirectMap2M:    15058944 kB\nDirectMap1G:     1048576 kB\n">>},
      {loadavg,<<"2.49 2.34 2.12 3/1604 30942\n">>},
      {cpu_pressure,{error,enoent}},
      {memory_pressure,{error,enoent}},
      {io_pressure,{error,enoent}},
      {local_tasks,[]},
      {memory,
          [{total,53737872},
           {processes,25108152},
           {processes_used,25102016},
           {system,28629720},
           {atom,695209},
           {atom_used,668718},
           {binary,2444968},
           {code,13153207},
           {ets,3645976}]},
      {cpu_count,4},
      {system_memory_data,
          [{system_total_memory,16693739520},
           {free_swap,2141794304},
           {total_swap,2147479552},
           {cached_memory,6911713280},
           {buffered_memory,285257728},
           {free_memory,3825291264},
           {total_memory,16693739520}]},
      {node_storage_conf,
          [{db_path,"/opt/couchbase/var/lib/couchbase/data"},
           {index_path,"/opt/couchbase/var/lib/couchbase/data"}]},
      {statistics,
          [{wall_clock,{176766,4999}},
           {context_switches,{78978,0}},
           {garbage_collection,{17252,50834602,0}},
           {io,{{input,10426001},{output,1368437}}},
           {reductions,{36180875,197645}},
           {run_queue,0},
           {runtime,{4206,88}},
           {run_queues,{0,0,0,0,0,0}}]},
      {system_stats,
          [{cpu_utilization_rate,7.672634271099744},
           {cpu_stolen_rate,0.0},
           {swap_total,2147479552},
           {swap_used,5685248},
           {mem_total,16693739520},
           {mem_free,11022405632},
           {mem_limit,16693739520},
           {cpu_cores_available,4}]},
      {interesting_stats,[]},
      {per_bucket_interesting_stats,[]},
      {processes_stats,
          [{<<"sigar_port/mem_size">>,9015296},
           {<<"sigar_port/mem_resident">>,921600},
           {<<"sigar_port/major_faults_raw">>,0},
           {<<"sigar_port/cpu_utilization">>,1},
           {<<"saslauthd-port/mem_size">>,570712064},
           {<<"saslauthd-port/mem_resident">>,7335936},
           {<<"saslauthd-port/major_faults_raw">>,0},
           {<<"saslauthd-port/cpu_utilization">>,0},
           {<<"ns_server/mem_size">>,3317727232},
           {<<"ns_server/mem_resident">>,67854336},
           {<<"ns_server/major_faults_raw">>,0},
           {<<"ns_server/cpu_utilization">>,3},
           {<<"memcached/mem_size">>,784797696},
           {<<"memcached/mem_resident">>,20819968},
           {<<"memcached/major_faults_raw">>,0},
           {<<"memcached/cpu_utilization">>,0},
           {<<"goxdcr/mem_size">>,1033199616},
           {<<"goxdcr/mem_resident">>,13651968},
           {<<"goxdcr/major_faults_raw">>,0},
           {<<"goxdcr/cpu_utilization">>,0},
           {<<"goport/mem_size">>,6815744},
           {<<"goport/mem_resident">>,1904640},
           {<<"goport/major_faults_raw">>,0},
           {<<"goport/cpu_utilization">>,0},
           {<<"godu/mem_size">>,6946816},
           {<<"godu/mem_resident">>,3280896},
           {<<"godu/major_faults_raw">>,0},
           {<<"godu/cpu_utilization">>,0},
           {<<"erl_child_setup/mem_size">>,13885440},
           {<<"erl_child_setup/mem_resident">>,2318336},
           {<<"erl_child_setup/major_faults_raw">>,0},
           {<<"erl_child_setup/cpu_utilization">>,0},
           {<<"couchdb/mem_size">>,3227508736},
           {<<"couchdb/mem_resident">>,68677632},
           {<<"couchdb/major_faults_raw">>,0},
           {<<"couchdb/cpu_utilization">>,0},
           {<<"babysitter/mem_size">>,3273826304},
           {<<"babysitter/mem_resident">>,33505280},
           {<<"babysitter/major_faults_raw">>,0},
           {<<"babysitter/cpu_utilization">>,0}]},
      {cluster_compatibility_version,393221},
      {version,
          [{os_mon,"2.4.4"},
           {sasl,"3.1.2"},
           {ns_server,"6.5.0-4966-community"},
           {public_key,"1.5.2"},
           {inets,"6.5.2.4"},
           {crypto,"4.2.2.2"},
           {stdlib,"3.4.5.1"},
           {ssl,"8.2.6.4"},
           {kernel,"5.4.3.2"},
           {lhttpc,"1.3.0"},
           {asn1,"5.0.5.2"},
           {ale,"0.0.0"}]},
      {supported_compat_version,[6,5]},
      {advertised_version,[6,5,0]},
      {system_arch,"x86_64-unknown-linux-gnu"},
      {wall_clock,176},
      {memory_data,{16693739520,12672602112,{<0.187.0>,1945816}}},
      {disk_data,
          [{"/dev",8128840,0},
           {"/run",1630248,1},
           {"/",245084444,28},
           {"/dev/shm",8151240,4},
           {"/run/lock",5120,1},
           {"/sys/fs/cgroup",8151240,0},
           {"/snap/pycharm-community/188",356352,100},
           {"/snap/core/8689",93568,100},
           {"/snap/core/8935",96128,100},
           {"/snap/gnome-logs/81",1024,100},
           {"/snap/gnome-calculator/544",4352,100},
           {"/snap/gtk-common-themes/1440",46080,100},
           {"/snap/gnome-characters/495",15104,100},
           {"/snap/core18/1668",56064,100},
           {"/snap/gnome-characters/399",15104,100},
           {"/snap/gnome-calculator/704",4480,100},
           {"/snap/gtk-common-themes/1474",49536,100},
           {"/snap/gnome-system-monitor/127",3840,100},
           {"/snap/gnome-logs/93",1024,100},
           {"/snap/gnome-system-monitor/135",3840,100},
           {"/snap/gnome-3-28-1804/116",164096,100},
           {"/snap/core18/1705",56320,100},
           {"/snap/gnome-3-26-1604/59",143488,100},
           {"/snap/gnome-3-26-1604/98",144128,100},
           {"/run/user/120",1630248,1},
           {"/run/user/76735",1630248,1},
           {"/run/user/993",1630248,0}]}]}]
[stats:debug,2020-04-02T20:14:14.677+05:30,ns_1@127.0.0.1:system_stats_collector<0.407.0>:stats_collector:log_stats:113](at {{2020,4,2},{20,14,14}} (1585838654660)) Stats for bucket "@system":
config_merger_queue_len       0
log_counter                   0
odp_report_failed             0
prev_request_leaves_hibernate 0
prev_request_leaves_rest      55
total_config_merger_run_time  0
total_config_merger_runs      0
total_config_merger_sleep_time 0
tracked_ns_memcacheds         
{avg_10s,config_merger_queue_len} 0.0
{avg_10s,config_merger_run_time} 0.0
{avg_10s,config_merger_runs_rate} 0.0
{avg_10s,config_merger_sleep_time} 0.0
{avg_1m,config_merger_queue_len} 0.0
{avg_1m,config_merger_run_time} 0.0
{avg_1m,config_merger_runs_rate} 0.0
{avg_1m,config_merger_sleep_time} 0.0
{avg_5m,config_merger_queue_len} 0.0
{avg_5m,config_merger_run_time} 0.0
{avg_5m,config_merger_runs_rate} 0.0
{avg_5m,config_merger_sleep_time} 0.0
{goxdcr,failed_requests}      2
{goxdcr,requests}             110
{request_enters,hibernate}    0
{request_enters,rest}         59
{request_leaves,hibernate}    0
{request_leaves,rest}         55
{"unknown",call_time}         0
{"unknown",calls}             0
{"unknown",e2e_call_time}     0
{"unknown",e2e_calls}         0
{"unknown",long_call_time}    0
{"unknown",long_calls}        0
{avg_10s,"unknown",call_time} 0.0
{avg_10s,"unknown",calls_rate} 0.0
{avg_10s,"unknown",e2e_call_time} 0.0
{avg_10s,"unknown",e2e_calls_rate} 0.0
{avg_10s,"unknown",long_call_time} 0.0
{avg_10s,"unknown",long_calls_rate} 0.0
{avg_1m,"unknown",call_time}  0.0
{avg_1m,"unknown",calls_rate} 0.0
{avg_1m,"unknown",e2e_call_time} 0.0
{avg_1m,"unknown",e2e_calls_rate} 0.0
{avg_1m,"unknown",long_call_time} 0.0
{avg_1m,"unknown",long_calls_rate} 0.0
{avg_5m,"unknown",call_time}  0.0
{avg_5m,"unknown",calls_rate} 0.0
{avg_5m,"unknown",e2e_call_time} 0.0
{avg_5m,"unknown",e2e_calls_rate} 0.0
{avg_5m,"unknown",long_call_time} 0.0
{avg_5m,"unknown",long_calls_rate} 0.0
{compiled_roles_cache,lookup,miss} 5
{compiled_roles_cache,lookup,recent} 14
{compiled_roles_cache,lookup,total} 19
{compiled_roles_cache,take_lock,fast} 1
{compiled_roles_cache,take_lock,fast} 25
{compiled_roles_cache,take_lock,slow} 1
{goxdcr,status,200}           108
{hg,status_latency,3000}      4
{hg,status_latency,4000}      3
{hg,status_latency,5000}      1
{hg,status_latency,6000}      1
{hg,status_latency,7000}      1
{hg,status_latency,9000}      2
{hg,status_latency,10000}     2
{hg,status_latency,20000}     20
{hg,status_latency,30000}     2
{hg,timer_lag,0}              1699
{hg,{compiled_roles_cache,add},20} 2
{hg,{compiled_roles_cache,flush},20} 1
{hg,{compiled_roles_cache,flush},20} 1
{hg,{compiled_roles_cache,lookup},10} 8
{hg,{compiled_roles_cache,lookup},20} 5
{hg,{compiled_roles_cache,lookup},30} 1
{hg,{compiled_roles_cache,lookup},40} 4
{hg,{compiled_roles_cache,lookup},60} 1
{hg,{compiled_roles_cache,{lock,housekeeping}},0} 3
{hg,{compiled_roles_cache,{lock,housekeeping}},10} 1
{hg,{compiled_roles_cache,{lock,housekeeping}},10} 2
{hg,{compiled_roles_cache,{lock,item}},0} 1
{hg,{compiled_roles_cache,{lock,item}},10} 18
{hg,{compiled_roles_cache,{lock,item}},20} 1
{hg,{compiled_roles_cache,{lock,item}},30} 1
{hg,{goxdcr,latency},300}     3
{hg,{goxdcr,latency},400}     10
{hg,{goxdcr,latency},500}     6
{hg,{goxdcr,latency},600}     2
{hg,{goxdcr,latency},700}     3
{hg,{goxdcr,latency},800}     6
{hg,{goxdcr,latency},900}     8
{hg,{goxdcr,latency},1000}    11
{hg,{goxdcr,latency},2000}    52
{hg,{goxdcr,latency},3000}    4
{hg,{goxdcr,latency},4000}    2
{hg,{goxdcr,latency},7000}    1
{hg,{'sink-disk_access',write_size},200} 1
{hg,{'sink-disk_access',write_size},30000} 1
{hg,{'sink-disk_access',write_time},300} 1
{hg,{'sink-disk_access',write_time},500} 1
{hg,{'sink-disk_access_int',write_size},200} 2
{hg,{'sink-disk_access_int',write_size},300} 1
{hg,{'sink-disk_access_int',write_size},400} 1
{hg,{'sink-disk_access_int',write_size},2000} 1
{hg,{'sink-disk_access_int',write_size},30000} 1
{hg,{'sink-disk_access_int',write_time},200} 3
{hg,{'sink-disk_access_int',write_time},300} 2
{hg,{'sink-disk_access_int',write_time},400} 1
{hg,{'sink-disk_debug',write_size},200} 1
{hg,{'sink-disk_debug',write_size},800} 5
{hg,{'sink-disk_debug',write_size},1000} 1
{hg,{'sink-disk_debug',write_size},4000} 1
{hg,{'sink-disk_debug',write_size},90000} 1
{hg,{'sink-disk_debug',write_time},200} 2
{hg,{'sink-disk_debug',write_time},300} 2
{hg,{'sink-disk_debug',write_time},400} 3
{hg,{'sink-disk_debug',write_time},500} 1
{hg,{'sink-disk_debug',write_time},900} 1
{hg,{'sink-disk_default',write_size},5000} 1
{hg,{'sink-disk_default',write_time},200} 1
{hg,{'sink-disk_json_rpc',write_size},3000} 1
{hg,{'sink-disk_json_rpc',write_time},200} 1
{hg,{'sink-disk_metakv',write_size},200} 1
{hg,{'sink-disk_metakv',write_size},400} 1
{hg,{'sink-disk_metakv',write_size},1000} 1
{hg,{'sink-disk_metakv',write_time},200} 3
{hg,{'sink-disk_reports',write_size},40000} 1
{hg,{'sink-disk_reports',write_time},300} 1
{hg,{'sink-disk_stats',write_size},6000} 1
{hg,{'sink-disk_stats',write_size},8000} 3
{hg,{'sink-disk_stats',write_time},200} 1
{hg,{'sink-disk_stats',write_time},300} 3
{hg,{leader_lease_acquire_worker,'ns_1@127.0.0.1',
                                 'start_time-prev_acquire_estimate'},
    10} 44
{hg,{leader_lease_acquire_worker,'ns_1@127.0.0.1',time_inflight},0} 90
{hg,{leader_lease_acquire_worker,'ns_1@127.0.0.1',time_inflight},10} 1
{leader_lease_acquire_worker,'ns_1@127.0.0.1',used_start_estimate} 44
{h,status_latency,-19215356,3000} 2
{h,status_latency,-19215356,4000} 1
{h,status_latency,-19215356,10000} 1
{h,status_latency,-19215356,20000} 2
{h,status_latency,-19215355,3000} 1
{h,status_latency,-19215355,4000} 1
{h,status_latency,-19215355,20000} 4
{h,status_latency,-19215354,20000} 5
{h,status_latency,-19215354,30000} 1
{h,status_latency,-19215353,3000} 1
{h,status_latency,-19215353,10000} 1
{h,status_latency,-19215353,20000} 3
{h,status_latency,-19215353,30000} 1
{h,status_latency,-19215352,20000} 4
{h,timer_lag,-19215356,0}     278
{h,timer_lag,-19215355,0}     283
{h,timer_lag,-19215354,0}     282
{h,timer_lag,-19215353,0}     283
{h,timer_lag,-19215352,0}     200
{h,{goxdcr,latency},-19215356,400} 3
{h,{goxdcr,latency},-19215356,500} 2
{h,{goxdcr,latency},-19215356,700} 1
{h,{goxdcr,latency},-19215356,800} 1
{h,{goxdcr,latency},-19215356,900} 1
{h,{goxdcr,latency},-19215356,1000} 1
{h,{goxdcr,latency},-19215356,2000} 9
{h,{goxdcr,latency},-19215355,400} 2
{h,{goxdcr,latency},-19215355,900} 2
{h,{goxdcr,latency},-19215355,1000} 2
{h,{goxdcr,latency},-19215355,2000} 11
{h,{goxdcr,latency},-19215355,3000} 1
{h,{goxdcr,latency},-19215354,900} 3
{h,{goxdcr,latency},-19215354,1000} 4
{h,{goxdcr,latency},-19215354,2000} 9
{h,{goxdcr,latency},-19215354,3000} 1
{h,{goxdcr,latency},-19215354,4000} 1
{h,{goxdcr,latency},-19215353,300} 2
{h,{goxdcr,latency},-19215353,400} 1
{h,{goxdcr,latency},-19215353,500} 1
{h,{goxdcr,latency},-19215353,700} 1
{h,{goxdcr,latency},-19215353,800} 1
{h,{goxdcr,latency},-19215353,900} 1
{h,{goxdcr,latency},-19215353,1000} 1
{h,{goxdcr,latency},-19215353,2000} 9
{h,{goxdcr,latency},-19215353,3000} 1
{h,{goxdcr,latency},-19215352,600} 1
{h,{goxdcr,latency},-19215352,800} 3
{h,{goxdcr,latency},-19215352,1000} 1
{h,{goxdcr,latency},-19215352,2000} 7
{h,{'sink-disk_access',write_size},-19215355,200} 1
{h,{'sink-disk_access',write_size},-19215355,30000} 1
{h,{'sink-disk_access',write_time},-19215355,300} 1
{h,{'sink-disk_access',write_time},-19215355,500} 1
{h,{'sink-disk_access_int',write_size},-19215355,200} 1
{h,{'sink-disk_access_int',write_size},-19215355,30000} 1
{h,{'sink-disk_access_int',write_time},-19215355,300} 1
{h,{'sink-disk_access_int',write_time},-19215355,400} 1
{h,{'sink-disk_debug',write_size},-19215356,800} 1
{h,{'sink-disk_debug',write_size},-19215355,200} 1
{h,{'sink-disk_debug',write_size},-19215355,800} 1
{h,{'sink-disk_debug',write_size},-19215354,800} 1
{h,{'sink-disk_debug',write_size},-19215353,1000} 1
{h,{'sink-disk_debug',write_size},-19215352,800} 1
{h,{'sink-disk_debug',write_time},-19215356,400} 1
{h,{'sink-disk_debug',write_time},-19215355,200} 1
{h,{'sink-disk_debug',write_time},-19215355,900} 1
{h,{'sink-disk_debug',write_time},-19215354,400} 1
{h,{'sink-disk_debug',write_time},-19215353,200} 1
{h,{'sink-disk_debug',write_time},-19215352,300} 1
{h,{'sink-disk_stats',write_size},-19215356,8000} 1
{h,{'sink-disk_stats',write_size},-19215354,8000} 1
{h,{'sink-disk_stats',write_size},-19215352,8000} 1
{h,{'sink-disk_stats',write_time},-19215356,300} 1
{h,{'sink-disk_stats',write_time},-19215354,300} 1
{h,{'sink-disk_stats',write_time},-19215352,300} 1
{h,{leader_lease_acquire_worker,'ns_1@127.0.0.1',
                                'start_time-prev_acquire_estimate'},
   -19215356,10} 8
{h,{leader_lease_acquire_worker,'ns_1@127.0.0.1',
                                'start_time-prev_acquire_estimate'},
   -19215355,10} 7
{h,{leader_lease_acquire_worker,'ns_1@127.0.0.1',
                                'start_time-prev_acquire_estimate'},
   -19215354,10} 7
{h,{leader_lease_acquire_worker,'ns_1@127.0.0.1',
                                'start_time-prev_acquire_estimate'},
   -19215353,10} 8
{h,{leader_lease_acquire_worker,'ns_1@127.0.0.1',
                                'start_time-prev_acquire_estimate'},
   -19215352,10} 4
{h,{leader_lease_acquire_worker,'ns_1@127.0.0.1',time_inflight},-19215356,0} 15
{h,{leader_lease_acquire_worker,'ns_1@127.0.0.1',time_inflight},-19215355,0} 15
{h,{leader_lease_acquire_worker,'ns_1@127.0.0.1',time_inflight},-19215354,0} 15
{h,{leader_lease_acquire_worker,'ns_1@127.0.0.1',time_inflight},-19215353,0} 15
{h,{leader_lease_acquire_worker,'ns_1@127.0.0.1',time_inflight},-19215352,0} 10

[ns_doctor:debug,2020-04-02T20:15:15.360+05:30,ns_1@127.0.0.1:ns_doctor<0.299.0>:ns_doctor:handle_info:182]Got initial status:
[{'ns_1@127.0.0.1',
     [{last_heard,-576460750206202150},
      {now,-576460750210444858},
      {active_buckets,[]},
      {ready_buckets,[]},
      {status_latency,4140},
      {outgoing_replications_safeness_level,[]},
      {incoming_replications_conf_hashes,[]},
      {meminfo,
          <<"MemTotal:       16302480 kB\nMemFree:         3755824 kB\nMemAvailable:    9762108 kB\nBuffers:          279080 kB\nCached:          6762608 kB\nSwapCached:          416 kB\nActive:          6173932 kB\nInactive:        5701900 kB\nActive(anon):    4470088 kB\nInactive(anon):  1330236 kB\nActive(file):    1703844 kB\nInactive(file):  4371664 kB\nUnevictable:         112 kB\nMlocked:             112 kB\nSwapTotal:       2097148 kB\nSwapFree:        2091596 kB\nDirty:              2280 kB\nWriteback:             0 kB\nAnonPages:       4834172 kB\nMapped:          1645768 kB\nShmem:           1083636 kB\nSlab:             428672 kB\nSReclaimable:     265440 kB\nSUnreclaim:       163232 kB\nKernelStack:       24944 kB\nPageTables:       103268 kB\nNFS_Unstable:          0 kB\nBounce:                0 kB\nWritebackTmp:          0 kB\nCommitLimit:    10248388 kB\nCommitted_AS:   18259636 kB\nVmallocTotal:   34359738367 kB\nVmallocUsed:           0 kB\nVmallocChunk:          0 kB\nHardwareCorrupted:     0 kB\nAnonHugePages:      4096 kB\nShmemHugePages:        0 kB\nShmemPmdMapped:        0 kB\nCmaTotal:              0 kB\nCmaFree:               0 kB\nHugePages_Total:       0\nHugePages_Free:        0\nHugePages_Rsvd:        0\nHugePages_Surp:        0\nHugepagesize:       2048 kB\nDirectMap4k:     1594984 kB\nDirectMap2M:    15058944 kB\nDirectMap1G:     1048576 kB\n">>},
      {loadavg,<<"3.44 2.66 2.24 3/1556 31527\n">>},
      {cpu_pressure,{error,enoent}},
      {memory_pressure,{error,enoent}},
      {io_pressure,{error,enoent}},
      {local_tasks,[]},
      {memory,
          [{total,36843864},
           {processes,15457288},
           {processes_used,15441120},
           {system,21386576},
           {atom,512625},
           {atom_used,506795},
           {binary,631248},
           {code,10922117},
           {ets,1782296}]},
      {cpu_count,4},
      {system_memory_data,
          [{system_total_memory,16693739520},
           {free_swap,2141794304},
           {total_swap,2147479552},
           {cached_memory,6924910592},
           {buffered_memory,285777920},
           {free_memory,3845963776},
           {total_memory,16693739520}]},
      {node_storage_conf,
          [{db_path,"/opt/couchbase/var/lib/couchbase/data"},
           {index_path,"/opt/couchbase/var/lib/couchbase/data"}]},
      {statistics,
          [{wall_clock,{1792,3}},
           {context_switches,{28600,0}},
           {garbage_collection,{5701,30831521,0}},
           {io,{{input,7442784},{output,704231}}},
           {reductions,{26963298,56076}},
           {run_queue,1},
           {runtime,{1043,8}},
           {run_queues,{0,0,0,1,0,0}}]},
      {system_stats,
          [{cpu_utilization_rate,0},
           {cpu_stolen_rate,0},
           {swap_total,0},
           {swap_used,0},
           {mem_total,0},
           {mem_free,0},
           {mem_limit,0},
           {cpu_cores_available,0}]},
      {interesting_stats,[]},
      {per_bucket_interesting_stats,[]},
      {processes_stats,[]},
      {cluster_compatibility_version,393221},
      {version,
          [{os_mon,"2.4.4"},
           {sasl,"3.1.2"},
           {ns_server,"6.5.0-4966-community"},
           {public_key,"1.5.2"},
           {inets,"6.5.2.4"},
           {crypto,"4.2.2.2"},
           {stdlib,"3.4.5.1"},
           {ssl,"8.2.6.4"},
           {kernel,"5.4.3.2"},
           {lhttpc,"1.3.0"},
           {asn1,"5.0.5.2"},
           {ale,"0.0.0"}]},
      {supported_compat_version,[6,5]},
      {advertised_version,[6,5,0]},
      {system_arch,"x86_64-unknown-linux-gnu"},
      {wall_clock,1},
      {memory_data,{16693739520,12733927424,{<0.33.0>,744064}}},
      {disk_data,
          [{"/dev",8128840,0},
           {"/run",1630248,1},
           {"/",245084444,28},
           {"/dev/shm",8151240,6},
           {"/run/lock",5120,1},
           {"/sys/fs/cgroup",8151240,0},
           {"/snap/pycharm-community/188",356352,100},
           {"/snap/core/8689",93568,100},
           {"/snap/core/8935",96128,100},
           {"/snap/gnome-logs/81",1024,100},
           {"/snap/gnome-calculator/544",4352,100},
           {"/snap/gtk-common-themes/1440",46080,100},
           {"/snap/gnome-characters/495",15104,100},
           {"/snap/core18/1668",56064,100},
           {"/snap/gnome-characters/399",15104,100},
           {"/snap/gnome-calculator/704",4480,100},
           {"/snap/gtk-common-themes/1474",49536,100},
           {"/snap/gnome-system-monitor/127",3840,100},
           {"/snap/gnome-logs/93",1024,100},
           {"/snap/gnome-system-monitor/135",3840,100},
           {"/snap/gnome-3-28-1804/116",164096,100},
           {"/snap/core18/1705",56320,100},
           {"/snap/gnome-3-26-1604/59",143488,100},
           {"/snap/gnome-3-26-1604/98",144128,100},
           {"/run/user/120",1630248,1},
           {"/run/user/76735",1630248,1},
           {"/run/user/993",1630248,0}]}]}]
[ns_doctor:debug,2020-04-02T20:17:29.566+05:30,ns_1@127.0.0.1:ns_doctor<0.302.0>:ns_doctor:handle_info:182]Got initial status:
[{'ns_1@127.0.0.1',
     [{last_heard,-576460750244373988},
      {now,-576460750248200627},
      {active_buckets,[]},
      {ready_buckets,[]},
      {status_latency,3755},
      {outgoing_replications_safeness_level,[]},
      {incoming_replications_conf_hashes,[]},
      {meminfo,
          <<"MemTotal:       16302480 kB\nMemFree:         3822200 kB\nMemAvailable:    9837756 kB\nBuffers:          281380 kB\nCached:          6638096 kB\nSwapCached:          416 kB\nActive:          6409092 kB\nInactive:        5395268 kB\nActive(anon):    4520812 kB\nInactive(anon):  1200468 kB\nActive(file):    1888280 kB\nInactive(file):  4194800 kB\nUnevictable:         112 kB\nMlocked:             112 kB\nSwapTotal:       2097148 kB\nSwapFree:        2091596 kB\nDirty:            216804 kB\nWriteback:             0 kB\nAnonPages:       4885012 kB\nMapped:          1548120 kB\nShmem:            953872 kB\nSlab:             431280 kB\nSReclaimable:     267132 kB\nSUnreclaim:       164148 kB\nKernelStack:       25664 kB\nPageTables:       104600 kB\nNFS_Unstable:          0 kB\nBounce:                0 kB\nWritebackTmp:          0 kB\nCommitLimit:    10248388 kB\nCommitted_AS:   18223816 kB\nVmallocTotal:   34359738367 kB\nVmallocUsed:           0 kB\nVmallocChunk:          0 kB\nHardwareCorrupted:     0 kB\nAnonHugePages:      4096 kB\nShmemHugePages:        0 kB\nShmemPmdMapped:        0 kB\nCmaTotal:              0 kB\nCmaFree:               0 kB\nHugePages_Total:       0\nHugePages_Free:        0\nHugePages_Rsvd:        0\nHugePages_Surp:        0\nHugepagesize:       2048 kB\nDirectMap4k:     1601128 kB\nDirectMap2M:    15052800 kB\nDirectMap1G:     1048576 kB\n">>},
      {loadavg,<<"2.40 2.50 2.24 2/1603 418\n">>},
      {cpu_pressure,{error,enoent}},
      {memory_pressure,{error,enoent}},
      {io_pressure,{error,enoent}},
      {local_tasks,[]},
      {memory,
          [{total,36178184},
           {processes,14754264},
           {processes_used,14743656},
           {system,21423920},
           {atom,512625},
           {atom_used,504849},
           {binary,744952},
           {code,10879296},
           {ets,1762560}]},
      {cpu_count,4},
      {system_memory_data,
          [{system_total_memory,16693739520},
           {free_swap,2141794304},
           {total_swap,2147479552},
           {cached_memory,6797410304},
           {buffered_memory,288133120},
           {free_memory,3913932800},
           {total_memory,16693739520}]},
      {node_storage_conf,
          [{db_path,"/opt/couchbase/var/lib/couchbase/data"},
           {index_path,"/opt/couchbase/var/lib/couchbase/data"}]},
      {statistics,
          [{wall_clock,{1754,3}},
           {context_switches,{28516,0}},
           {garbage_collection,{6079,29948460,0}},
           {io,{{input,7410007},{output,499433}}},
           {reductions,{26398757,42818}},
           {run_queue,1},
           {runtime,{1021,7}},
           {run_queues,{0,0,0,0,0,0}}]},
      {system_stats,
          [{cpu_utilization_rate,0},
           {cpu_stolen_rate,0},
           {swap_total,0},
           {swap_used,0},
           {mem_total,0},
           {mem_free,0},
           {mem_limit,0},
           {cpu_cores_available,0}]},
      {interesting_stats,[]},
      {per_bucket_interesting_stats,[]},
      {processes_stats,[]},
      {cluster_compatibility_version,1},
      {version,
          [{os_mon,"2.4.4"},
           {sasl,"3.1.2"},
           {ns_server,"6.5.0-4966-community"},
           {public_key,"1.5.2"},
           {inets,"6.5.2.4"},
           {crypto,"4.2.2.2"},
           {stdlib,"3.4.5.1"},
           {ssl,"8.2.6.4"},
           {kernel,"5.4.3.2"},
           {lhttpc,"1.3.0"},
           {asn1,"5.0.5.2"},
           {ale,"0.0.0"}]},
      {supported_compat_version,[6,5]},
      {advertised_version,[6,5,0]},
      {system_arch,"x86_64-unknown-linux-gnu"},
      {wall_clock,1},
      {memory_data,{16693739520,12698533888,{<0.33.0>,744104}}},
      {disk_data,
          [{"/dev",8128840,0},
           {"/run",1630248,1},
           {"/",245084444,28},
           {"/dev/shm",8151240,5},
           {"/run/lock",5120,1},
           {"/sys/fs/cgroup",8151240,0},
           {"/snap/pycharm-community/188",356352,100},
           {"/snap/core/8689",93568,100},
           {"/snap/core/8935",96128,100},
           {"/snap/gnome-logs/81",1024,100},
           {"/snap/gnome-calculator/544",4352,100},
           {"/snap/gtk-common-themes/1440",46080,100},
           {"/snap/gnome-characters/495",15104,100},
           {"/snap/core18/1668",56064,100},
           {"/snap/gnome-characters/399",15104,100},
           {"/snap/gnome-calculator/704",4480,100},
           {"/snap/gtk-common-themes/1474",49536,100},
           {"/snap/gnome-system-monitor/127",3840,100},
           {"/snap/gnome-logs/93",1024,100},
           {"/snap/gnome-system-monitor/135",3840,100},
           {"/snap/gnome-3-28-1804/116",164096,100},
           {"/snap/core18/1705",56320,100},
           {"/snap/gnome-3-26-1604/59",143488,100},
           {"/snap/gnome-3-26-1604/98",144128,100},
           {"/run/user/120",1630248,1},
           {"/run/user/76735",1630248,1},
           {"/run/user/993",1630248,0}]}]}]
[ns_doctor:debug,2020-04-02T20:18:29.540+05:30,ns_1@127.0.0.1:ns_doctor<0.302.0>:ns_doctor:handle_info:186]Current node statuses:
[{'ns_1@127.0.0.1',
     [{last_heard,-576460695266379045},
      {now,-576460695277753206},
      {active_buckets,[]},
      {ready_buckets,[]},
      {status_latency,10796},
      {outgoing_replications_safeness_level,[]},
      {incoming_replications_conf_hashes,[]},
      {meminfo,
          <<"MemTotal:       16302480 kB\nMemFree:         3500712 kB\nMemAvailable:    9851608 kB\nBuffers:          282428 kB\nCached:          6972544 kB\nSwapCached:          452 kB\nActive:          6902660 kB\nInactive:        5215124 kB\nActive(anon):    4620024 kB\nInactive(anon):  1085832 kB\nActive(file):    2282636 kB\nInactive(file):  4129292 kB\nUnevictable:         112 kB\nMlocked:             112 kB\nSwapTotal:       2097148 kB\nSwapFree:        2091596 kB\nDirty:              4072 kB\nWriteback:             0 kB\nAnonPages:       4862940 kB\nMapped:          1569760 kB\nShmem:            960528 kB\nSlab:             438224 kB\nSReclaimable:     273624 kB\nSUnreclaim:       164600 kB\nKernelStack:       26112 kB\nPageTables:       104444 kB\nNFS_Unstable:          0 kB\nBounce:                0 kB\nWritebackTmp:          0 kB\nCommitLimit:    10248388 kB\nCommitted_AS:   18716840 kB\nVmallocTotal:   34359738367 kB\nVmallocUsed:           0 kB\nVmallocChunk:          0 kB\nHardwareCorrupted:     0 kB\nAnonHugePages:      4096 kB\nShmemHugePages:        0 kB\nShmemPmdMapped:        0 kB\nCmaTotal:              0 kB\nCmaFree:               0 kB\nHugePages_Total:       0\nHugePages_Free:        0\nHugePages_Rsvd:        0\nHugePages_Surp:        0\nHugepagesize:       2048 kB\nDirectMap4k:     1603176 kB\nDirectMap2M:    15050752 kB\nDirectMap1G:     1048576 kB\n">>},
      {loadavg,<<"1.89 2.34 2.19 2/1629 674\n">>},
      {cpu_pressure,{error,enoent}},
      {memory_pressure,{error,enoent}},
      {io_pressure,{error,enoent}},
      {local_tasks,[]},
      {memory,
          [{total,51713584},
           {processes,23683376},
           {processes_used,23676344},
           {system,28030208},
           {atom,695209},
           {atom_used,669842},
           {binary,1435304},
           {code,13230577},
           {ets,3967864}]},
      {cpu_count,4},
      {system_memory_data,
          [{system_total_memory,16693739520},
           {free_swap,2141794304},
           {total_swap,2147479552},
           {cached_memory,7139885056},
           {buffered_memory,289206272},
           {free_memory,3584729088},
           {total_memory,16693739520}]},
      {node_storage_conf,
          [{db_path,"/opt/couchbase/var/lib/couchbase/data"},
           {index_path,"/opt/couchbase/var/lib/couchbase/data"}]},
      {statistics,
          [{wall_clock,{56730,5000}},
           {context_switches,{48467,0}},
           {garbage_collection,{11056,38566439,0}},
           {io,{{input,9687809},{output,1226414}}},
           {reductions,{31019921,196207}},
           {run_queue,0},
           {runtime,{2385,86}},
           {run_queues,{0,0,0,0,0,0}}]},
      {system_stats,
          [{cpu_utilization_rate,11.450381679389313},
           {cpu_stolen_rate,0.0},
           {swap_total,2147479552},
           {swap_used,5685248},
           {mem_total,16693739520},
           {mem_free,11014029312},
           {mem_limit,16693739520},
           {cpu_cores_available,4}]},
      {interesting_stats,[]},
      {per_bucket_interesting_stats,[]},
      {processes_stats,
          [{<<"sigar_port/mem_size">>,9015296},
           {<<"sigar_port/mem_resident">>,909312},
           {<<"sigar_port/major_faults_raw">>,0},
           {<<"sigar_port/cpu_utilization">>,0},
           {<<"saslauthd-port/mem_size">>,494948352},
           {<<"saslauthd-port/mem_resident">>,7237632},
           {<<"saslauthd-port/major_faults_raw">>,0},
           {<<"saslauthd-port/cpu_utilization">>,0},
           {<<"ns_server/mem_size">>,3317649408},
           {<<"ns_server/mem_resident">>,67633152},
           {<<"ns_server/major_faults_raw">>,0},
           {<<"ns_server/cpu_utilization">>,4},
           {<<"memcached/mem_size">>,784797696},
           {<<"memcached/mem_resident">>,20430848},
           {<<"memcached/major_faults_raw">>,0},
           {<<"memcached/cpu_utilization">>,0},
           {<<"goxdcr/mem_size">>,957698048},
           {<<"goxdcr/mem_resident">>,13410304},
           {<<"goxdcr/major_faults_raw">>,0},
           {<<"goxdcr/cpu_utilization">>,0},
           {<<"goport/mem_size">>,5111808},
           {<<"goport/mem_resident">>,1908736},
           {<<"goport/major_faults_raw">>,0},
           {<<"goport/cpu_utilization">>,0},
           {<<"godu/mem_size">>,8388608},
           {<<"godu/mem_resident">>,3284992},
           {<<"godu/major_faults_raw">>,0},
           {<<"godu/cpu_utilization">>,0},
           {<<"erl_child_setup/mem_size">>,13885440},
           {<<"erl_child_setup/mem_resident">>,2359296},
           {<<"erl_child_setup/major_faults_raw">>,0},
           {<<"erl_child_setup/cpu_utilization">>,0},
           {<<"couchdb/mem_size">>,3225935872},
           {<<"couchdb/mem_resident">>,69066752},
           {<<"couchdb/major_faults_raw">>,0},
           {<<"couchdb/cpu_utilization">>,0},
           {<<"babysitter/mem_size">>,3277758464},
           {<<"babysitter/mem_resident">>,34414592},
           {<<"babysitter/major_faults_raw">>,0},
           {<<"babysitter/cpu_utilization">>,0}]},
      {cluster_compatibility_version,393221},
      {version,
          [{os_mon,"2.4.4"},
           {sasl,"3.1.2"},
           {ns_server,"6.5.0-4966-community"},
           {public_key,"1.5.2"},
           {inets,"6.5.2.4"},
           {crypto,"4.2.2.2"},
           {stdlib,"3.4.5.1"},
           {ssl,"8.2.6.4"},
           {kernel,"5.4.3.2"},
           {lhttpc,"1.3.0"},
           {asn1,"5.0.5.2"},
           {ale,"0.0.0"}]},
      {supported_compat_version,[6,5]},
      {advertised_version,[6,5,0]},
      {system_arch,"x86_64-unknown-linux-gnu"},
      {wall_clock,56},
      {memory_data,{16693739520,12698533888,{<0.33.0>,744104}}},
      {disk_data,
          [{"/dev",8128840,0},
           {"/run",1630248,1},
           {"/",245084444,28},
           {"/dev/shm",8151240,5},
           {"/run/lock",5120,1},
           {"/sys/fs/cgroup",8151240,0},
           {"/snap/pycharm-community/188",356352,100},
           {"/snap/core/8689",93568,100},
           {"/snap/core/8935",96128,100},
           {"/snap/gnome-logs/81",1024,100},
           {"/snap/gnome-calculator/544",4352,100},
           {"/snap/gtk-common-themes/1440",46080,100},
           {"/snap/gnome-characters/495",15104,100},
           {"/snap/core18/1668",56064,100},
           {"/snap/gnome-characters/399",15104,100},
           {"/snap/gnome-calculator/704",4480,100},
           {"/snap/gtk-common-themes/1474",49536,100},
           {"/snap/gnome-system-monitor/127",3840,100},
           {"/snap/gnome-logs/93",1024,100},
           {"/snap/gnome-system-monitor/135",3840,100},
           {"/snap/gnome-3-28-1804/116",164096,100},
           {"/snap/core18/1705",56320,100},
           {"/snap/gnome-3-26-1604/59",143488,100},
           {"/snap/gnome-3-26-1604/98",144128,100},
           {"/run/user/120",1630248,1},
           {"/run/user/76735",1630248,1},
           {"/run/user/993",1630248,0}]}]}]
